<?xml version="1.0" encoding="UTF-8"?>
<!-- Generated by org.testng.reporters.JUnitReportReporter -->
<testsuite hostname="Nayana" failures="0" tests="1" name="com.obsqura.rmart_supermarket.testscript.SubcategoryPageTest" time="7.038" errors="0" timestamp="2025-03-31T15:13:11 IST" skipped="0">
  <testcase classname="com.obsqura.rmart_supermarket.testscript.SubcategoryPageTest" name="verifyThatUserIsAbleToCreateSubcategory" time="7.038"/>
  <system-out/>
</testsuite> <!-- com.obsqura.rmart_supermarket.testscript.SubcategoryPageTest -->
