<?xml version="1.0" encoding="UTF-8"?>
<!-- Generated by org.testng.reporters.JUnitReportReporter -->
<testsuite hostname="Nayana" failures="0" tests="1" name="com.obsqura.rmart_supermarket.testscript.HomePageTest" time="3.972" errors="0" timestamp="2025-03-27T16:08:55 IST" skipped="0">
  <testcase classname="com.obsqura.rmart_supermarket.testscript.HomePageTest" name="verifyAdminCanLogout" time="3.972"/>
  <system-out/>
</testsuite> <!-- com.obsqura.rmart_supermarket.testscript.HomePageTest -->
