<?xml version="1.0" encoding="UTF-8"?>
<!-- Generated by org.testng.reporters.JUnitReportReporter -->
<testsuite hostname="Nayana" failures="0" tests="1" name="com.obsqura.rmart_supermarket.testscript.AdminuserTest" time="4.448" errors="0" timestamp="2025-03-30T16:21:33 IST" skipped="0">
  <testcase classname="com.obsqura.rmart_supermarket.testscript.AdminuserTest" name="verifyUserAbleToCreatNewAdminuser" time="4.448"/>
  <system-out/>
</testsuite> <!-- com.obsqura.rmart_supermarket.testscript.AdminuserTest -->
