<?xml version="1.0" encoding="UTF-8"?>
<!-- Generated by org.testng.reporters.JUnitReportReporter -->
<testsuite hostname="Nayana" failures="0" tests="1" name="com.obsqura.rmart_supermarket.testscript.ManageNewsPageTest" time="5.707" errors="0" timestamp="2025-04-03T22:08:19 IST" skipped="0">
  <testcase classname="com.obsqura.rmart_supermarket.testscript.ManageNewsPageTest" name="verifyThatUserIsAbleToCreateNews" time="5.707"/>
  <system-out/>
</testsuite> <!-- com.obsqura.rmart_supermarket.testscript.ManageNewsPageTest -->
