<?xml version="1.0" encoding="UTF-8"?>
<!-- Generated by org.testng.reporters.JUnitReportReporter -->
<testsuite hostname="Nayana" failures="0" tests="2" name="com.obsqura.rmart_supermarket.testscript.CategoryPageTest" time="10.630" errors="0" timestamp="2025-04-02T14:46:19 IST" skipped="1">
  <testcase classname="com.obsqura.rmart_supermarket.testscript.CategoryPageTest" name="verifythatUserCanCreateNewCategory" time="4.681"/>
  <system-out/>
  <testcase classname="com.obsqura.rmart_supermarket.testscript.CategoryPageTest" name="verifythatUserCanCreateNewCategory" time="5.949">
    <skipped/>
  </testcase> <!-- verifythatUserCanCreateNewCategory -->
  <system-out/>
</testsuite> <!-- com.obsqura.rmart_supermarket.testscript.CategoryPageTest -->
