<?xml version="1.0" encoding="UTF-8"?>
<!-- Generated by org.testng.reporters.JUnitReportReporter -->
<testsuite hostname="Nayana" failures="0" tests="1" name="com.obsqura.rmart_supermarket.testscript.ManageContactPageTest" time="4.966" errors="0" timestamp="2025-03-28T14:46:57 IST" skipped="0">
  <testcase classname="com.obsqura.rmart_supermarket.testscript.ManageContactPageTest" name="verifyThatUserIsAbleToEditContactDEtails" time="4.966"/>
  <system-out/>
</testsuite> <!-- com.obsqura.rmart_supermarket.testscript.ManageContactPageTest -->
